<?xml version="1.0" encoding="UTF-8"?>
<testsuite xmlns:xsi="http://www.w3.org/2001/XMLSchema-instance" xsi:noNamespaceSchemaLocation="https://maven.apache.org/surefire/maven-surefire-plugin/xsd/surefire-test-report-3.0.xsd" version="3.0" name="com.ricardopalma.clinica.PacienteControllerTest" time="2.011" tests="1" errors="0" skipped="0" failures="0">
  <properties>
[...]
</properties>
  <testcase name="testListarPacientes" classname="com.ricardopalma.clinica.PacienteControllerTest" time="0.989">
    <system-out><![CDATA[2026-05-11T17:52:45.939-05:00  INFO 1348 --- [clinica] [           main] t.c.s.AnnotationConfigContextLoaderUtils : Could not detect default configuration classes for test class [com.ricardopalma.clinica.PacienteControllerTest]: PacienteControllerTest does not declare any static, non-private, non-final, nested classes annotated with @Configuration.
2026-05-11T17:52:45.968-05:00  INFO 1348 --- [clinica] [           main] .b.t.c.SpringBootTestContextBootstrapper : Found @SpringBootConfiguration com.ricardopalma.clinica.ClinicaApplication for test class com.ricardopalma.clinica.PacienteControllerTest

  .   ____          _            __ _ _
 /\\ / ___'_ __ _ _(_)_ __  __ _ \ \ \ \
( ( )\___ | '_ | '_| | '_ \/ _` | \ \ \ \
 \\/  ___)| |_)| | | | | || (_| |  ) ) ) )
  '  |____| .__|_| |_|_| |_\__, | / / / /
 =========|_|==============|___/=/_/_/_/
 :: Spring Boot ::                (v3.2.5)

2026-05-11T17:52:46.086-05:00  INFO 1348 --- [clinica] [           main] c.r.clinica.PacienteControllerTest       : Starting PacienteControllerTest using Java 25.0.3 with PID 1348 (started by Negro in E:\prueba sprint boot\clinica)
2026-05-11T17:52:46.087-05:00  INFO 1348 --- [clinica] [           main] c.r.clinica.PacienteControllerTest       : No active profile set, falling back to 1 default profile: "default"
2026-05-11T17:52:46.873-05:00  INFO 1348 --- [clinica] [           main] o.s.b.t.m.w.SpringBootMockServletContext : Initializing Spring TestDispatcherServlet ''
2026-05-11T17:52:46.873-05:00  INFO 1348 --- [clinica] [           main] o.s.t.web.servlet.TestDispatcherServlet  : Initializing Servlet ''
2026-05-11T17:52:46.876-05:00  INFO 1348 --- [clinica] [           main] o.s.t.web.servlet.TestDispatcherServlet  : Completed initialization in 2 ms
2026-05-11T17:52:46.940-05:00  INFO 1348 --- [clinica] [           main] c.r.clinica.PacienteControllerTest       : Started PacienteControllerTest in 0.966 seconds (process running for 7.579)
]]></system-out>
  </testcase>
</testsuite>